<?xml version="1.0" encoding="utf-8"?><testsuites name="pytest tests"><testsuite name="pytest" errors="0" failures="0" skipped="0" tests="30" time="1.088" timestamp="2026-01-10T09:12:28.483037+00:00" hostname="agent-env-6ebed152-7d14-4116-babe-87fa91ea9af9"><testcase classname="tests.test_p0_matching_critical.TestP0CategoryMismatchGuard" name="test_check_category_mismatch_function_squid_vs_chicken" time="0.001" /><testcase classname="tests.test_p0_matching_critical.TestP0CategoryMismatchGuard" name="test_check_category_mismatch_function_shrimp_vs_beef" time="0.000" /><testcase classname="tests.test_p0_matching_critical.TestP0CategoryMismatchGuard" name="test_check_category_mismatch_function_chicken_vs_seafood" time="0.000" /><testcase classname="tests.test_p0_matching_critical.TestP0CategoryMismatchGuard" name="test_same_category_passes" time="0.000" /><testcase classname="tests.test_p0_matching_critical.TestP0AttributeCompatibility" name="test_shrimp_tail_on_vs_tail_off" time="0.000" /><testcase classname="tests.test_p0_matching_critical.TestP0AttributeCompatibility" name="test_shrimp_peeled_vs_unpeeled" time="0.000" /><testcase classname="tests.test_p0_matching_critical.TestP0AttributeCompatibility" name="test_squid_skin_attributes" time="0.000" /><testcase classname="tests.test_p0_matching_critical.TestP0AttributeCompatibility" name="test_same_attributes_pass" time="0.000" /><testcase classname="tests.test_p0_matching_critical.TestP0KeywordLists" name="test_seafood_keywords_populated" time="0.000" /><testcase classname="tests.test_p0_matching_critical.TestP0KeywordLists" name="test_meat_keywords_populated" time="0.000" /><testcase classname="tests.test_p0_matching_critical.TestP0KeywordLists" name="test_forbidden_cross_matches_squid" time="0.000" /><testcase classname="tests.test_p0_matching_critical.TestP0KeywordLists" name="test_forbidden_cross_matches_chicken" time="0.000" /><testcase classname="tests.test_p0_matching_critical.TestP0SuperClassMapper" name="test_squid_fillet_is_seafood" time="0.001" /><testcase classname="tests.test_p0_matching_critical.TestP0SuperClassMapper" name="test_chicken_is_meat" time="0.000" /><testcase classname="tests.test_p0_matching_critical.TestP0BrandCriticalDefault" name="test_add_favorite_default_brand_critical" time="0.511" /><testcase classname="tests.test_p0_matching_critical.TestP0BestPriceAPI" name="test_squid_favorite_exists" time="0.043" /><testcase classname="tests.test_p0_matching_critical.TestP0BestPriceAPI" name="test_bestprice_squid_returns_seafood" time="0.127" /><testcase classname="tests.test_p0_matching_critical.TestP0IntegrationEndToEnd" name="test_full_flow_squid_search" time="0.269" /><testcase classname="backend.tests.test_p0_matching_fixes.TestCategoryMismatch" name="test_squid_must_not_match_chicken" time="0.000" /><testcase classname="backend.tests.test_p0_matching_fixes.TestCategoryMismatch" name="test_shrimp_must_not_match_beef" time="0.000" /><testcase classname="backend.tests.test_p0_matching_fixes.TestCategoryMismatch" name="test_chicken_must_not_match_seafood" time="0.000" /><testcase classname="backend.tests.test_p0_matching_fixes.TestCategoryMismatch" name="test_same_category_should_match" time="0.000" /><testcase classname="backend.tests.test_p0_matching_fixes.TestAttributeCompatibility" name="test_shrimp_tail_on_vs_tail_off" time="0.000" /><testcase classname="backend.tests.test_p0_matching_fixes.TestAttributeCompatibility" name="test_shrimp_peeled_vs_unpeeled" time="0.000" /><testcase classname="backend.tests.test_p0_matching_fixes.TestAttributeCompatibility" name="test_squid_skin_on_vs_off" time="0.000" /><testcase classname="backend.tests.test_p0_matching_fixes.TestAttributeCompatibility" name="test_same_attributes_should_match" time="0.000" /><testcase classname="backend.tests.test_p0_matching_fixes.TestForbiddenCrossMatches" name="test_seafood_squid_has_meat_keywords" time="0.000" /><testcase classname="backend.tests.test_p0_matching_fixes.TestForbiddenCrossMatches" name="test_meat_chicken_has_seafood_keywords" time="0.000" /><testcase classname="backend.tests.test_p0_matching_fixes.TestForbiddenCrossMatches" name="test_keyword_lists_populated" time="0.000" /><testcase classname="backend.tests.test_p0_matching_fixes.TestRequiredAnchorsWithForbidden" name="test_squid_anchor_rejects_chicken" time="0.000" /></testsuite></testsuites>