<?xml version="1.0" encoding="utf-8"?><testsuites name="pytest tests"><testsuite name="pytest" errors="0" failures="0" skipped="0" tests="15" time="1.747" timestamp="2026-01-20T12:25:17.630836+00:00" hostname="agent-env-684f49d8-1394-47ec-87d4-adf311401963"><testcase classname="tests.test_iteration11_optimizer_price.TestOptimizerPriceCorrectness" name="test_cart_intents_has_caviar" time="0.340" /><testcase classname="tests.test_iteration11_optimizer_price.TestOptimizerPriceCorrectness" name="test_plan_returns_correct_price" time="0.143" /><testcase classname="tests.test_iteration11_optimizer_price.TestOriginalPriceInPlan" name="test_plan_has_original_price_field" time="0.145" /><testcase classname="tests.test_iteration11_optimizer_price.TestOriginalPriceInPlan" name="test_original_price_matches_intent_price" time="0.195" /><testcase classname="tests.test_iteration11_optimizer_price.TestLemmaTokensIndex" name="test_lemma_tokens_index_exists" time="0.015" /><testcase classname="tests.test_iteration11_optimizer_price.TestLemmaTokensIndex" name="test_items_have_lemma_tokens" time="0.061" /><testcase classname="tests.test_iteration11_optimizer_price.TestLemmaTokensIndex" name="test_search_uses_lemma_tokens" time="0.160" /><testcase classname="tests.test_iteration11_optimizer_price.TestCaviarClassification" name="test_caviar_classification_in_db" time="0.069" /><testcase classname="tests.test_iteration11_optimizer_price.TestCaviarClassification" name="test_cart_caviar_has_correct_class" time="0.011" /><testcase classname="tests.test_iteration11_optimizer_price.TestPriceChangeIndicator" name="test_plan_has_price_data_for_indicator" time="0.138" /><testcase classname="tests.test_iteration11_optimizer_price.TestOptimizerFlags" name="test_plan_has_expected_flags" time="0.141" /><testcase classname="tests.test_iteration11_optimizer_price.TestAPIEndpoints" name="test_catalog_endpoint" time="0.033" /><testcase classname="tests.test_iteration11_optimizer_price.TestAPIEndpoints" name="test_cart_intents_endpoint" time="0.011" /><testcase classname="tests.test_iteration11_optimizer_price.TestAPIEndpoints" name="test_cart_plan_endpoint" time="0.138" /><testcase classname="tests.test_iteration11_optimizer_price.TestAPIEndpoints" name="test_diagnostics_endpoint" time="0.016" /></testsuite></testsuites>