<?xml version="1.0" encoding="utf-8"?><testsuites name="pytest tests"><testsuite name="pytest" errors="0" failures="1" skipped="0" tests="17" time="2.165" timestamp="2026-01-09T12:16:07.854502+00:00" hostname="agent-env-7a8576cb-1115-4e9b-97f8-6fe3689355ab"><testcase classname="tests.test_p0_requirements.TestP06PricelistDeactivation" name="test_get_supplier_pricelists_returns_list" time="1.011" /><testcase classname="tests.test_p0_requirements.TestP06PricelistDeactivation" name="test_deactivate_pricelist_requires_auth" time="0.041" /><testcase classname="tests.test_p0_requirements.TestP06PricelistDeactivation" name="test_deactivate_nonexistent_pricelist_returns_404" time="0.039"><failure message="AssertionError: Expected 404, got 403&#10;assert 403 == 404&#10; +  where 403 = &lt;Response [403]&gt;.status_code">tests/test_p0_requirements.py:102: in test_deactivate_nonexistent_pricelist_returns_404
    assert response.status_code == 404, f"Expected 404, got {response.status_code}"
E   AssertionError: Expected 404, got 403
E   assert 403 == 404
E    +  where 403 = &lt;Response [403]&gt;.status_code</failure></testcase><testcase classname="tests.test_p0_requirements.TestP05BestPriceCalculation" name="test_add_from_favorite_returns_total_cost" time="0.081" /><testcase classname="tests.test_p0_requirements.TestP05BestPriceCalculation" name="test_total_cost_calculation_with_min_order_qty" time="0.083" /><testcase classname="tests.test_p0_requirements.TestP05BestPriceCalculation" name="test_debug_log_contains_min_order_qty" time="0.077" /><testcase classname="tests.test_p0_requirements.TestP03MinOrderQtyImport" name="test_supplier_items_have_min_order_qty" time="0.084" /><testcase classname="tests.test_p0_requirements.TestP01UpsertOnImport" name="test_supplier_items_have_unique_key" time="0.009" /><testcase classname="tests.test_p0_requirements.TestP01UpsertOnImport" name="test_no_duplicate_unique_keys" time="0.015" /><testcase classname="tests.test_p0_requirements.TestP02OneActivePricelistPerSupplier" name="test_supplier_items_have_active_field" time="0.013" /><testcase classname="tests.test_p0_requirements.TestP02OneActivePricelistPerSupplier" name="test_supplier_items_have_price_list_id" time="0.009" /><testcase classname="tests.test_p0_requirements.TestP04UnitPriority" name="test_supplier_items_have_unit_type" time="0.014" /><testcase classname="tests.test_p0_requirements.TestImportEndpoint" name="test_import_endpoint_exists" time="0.041" /><testcase classname="tests.test_p0_requirements.TestSelectOfferEndpoint" name="test_select_offer_works" time="0.334" /><testcase classname="tests.test_p0_requirements.TestEdgeCases" name="test_add_from_favorite_with_large_qty" time="0.080" /><testcase classname="tests.test_p0_requirements.TestEdgeCases" name="test_add_from_favorite_with_fractional_qty" time="0.079" /><testcase classname="tests.test_p0_requirements.TestEdgeCases" name="test_nonexistent_favorite_returns_not_found" time="0.080" /></testsuite></testsuites>