<?xml version="1.0" encoding="utf-8"?><testsuites name="pytest tests"><testsuite name="pytest" errors="0" failures="0" skipped="0" tests="10" time="1.533" timestamp="2025-12-31T08:58:47.903630+00:00" hostname="agent-env-4ba9806d-4c43-45c9-a3dc-2d4f1c9f2974"><testcase classname="tests.test_enhanced_search_mvp.TestSetupFixtures" name="test_create_fixtures" time="0.392" /><testcase classname="tests.test_enhanced_search_mvp.TestFavKetchupAnyBrandCriticalFalse" name="test_fav_ketchup_any_selects_cheapest_across_all_brands" time="0.120" /><testcase classname="tests.test_enhanced_search_mvp.TestFavKetchupHeinzBrandCriticalTrue" name="test_fav_ketchup_heinz_filters_by_brand" time="0.113" /><testcase classname="tests.test_enhanced_search_mvp.TestPackRangeFilter" name="test_pack_range_rejects_out_of_range" time="0.106" /><testcase classname="tests.test_enhanced_search_mvp.TestEconomicsSelection" name="test_fav_econ_selects_by_total_cost" time="0.120" /><testcase classname="tests.test_enhanced_search_mvp.TestOldFormatFavorite" name="test_fav_old_format_no_500_error" time="0.114" /><testcase classname="tests.test_enhanced_search_mvp.TestGuardRules" name="test_guard_rules_reject_sauce_for_ketchup" time="0.120" /><testcase classname="tests.test_enhanced_search_mvp.TestDebugLogCounters" name="test_debug_log_contains_all_counters" time="0.116" /><testcase classname="tests.test_enhanced_search_mvp.TestBrandCriticalComparison" name="test_brand_critical_produces_different_results" time="0.228" /><testcase classname="tests.test_enhanced_search_mvp.TestNonExistentFavorite" name="test_non_existent_favorite_returns_not_found" time="0.034" /></testsuite></testsuites>