<?xml version="1.0" encoding="utf-8"?><testsuites name="pytest tests"><testsuite name="pytest" errors="0" failures="0" skipped="0" tests="15" time="2.836" timestamp="2026-01-20T08:46:17.568515+00:00" hostname="agent-env-1ac2e5d8-a5f3-4219-85b0-2d092e5d60d8"><testcase classname="tests.test_phase3_checkout_orders.TestP01PlanSnapshot" name="test_cart_plan_returns_plan_id" time="0.202" /><testcase classname="tests.test_phase3_checkout_orders.TestP01PlanSnapshot" name="test_checkout_accepts_plan_id" time="0.247" /><testcase classname="tests.test_phase3_checkout_orders.TestP01PlanSnapshot" name="test_plan_changed_error_on_cart_modification" time="0.236" /><testcase classname="tests.test_phase3_checkout_orders.TestP02UnavailableReasonCodes" name="test_plan_includes_unavailable_reason_code" time="0.167" /><testcase classname="tests.test_phase3_checkout_orders.TestP02UnavailableReasonCodes" name="test_unavailable_reason_codes_enum" time="0.000" /><testcase classname="tests.test_phase3_checkout_orders.TestP03OrderHistory" name="test_orders_endpoint_exists" time="0.038" /><testcase classname="tests.test_phase3_checkout_orders.TestP03OrderHistory" name="test_order_structure" time="0.042" /><testcase classname="tests.test_phase3_checkout_orders.TestP03OrderHistory" name="test_full_checkout_creates_order" time="0.778" /><testcase classname="tests.test_phase3_checkout_orders.TestP13CatalogQtyManagement" name="test_add_to_cart_with_qty" time="0.147" /><testcase classname="tests.test_phase3_checkout_orders.TestP13CatalogQtyManagement" name="test_update_cart_qty" time="0.234" /><testcase classname="tests.test_phase3_checkout_orders.TestCartIntentAPI" name="test_add_intent_by_supplier_item_id" time="0.110" /><testcase classname="tests.test_phase3_checkout_orders.TestCartIntentAPI" name="test_get_intents" time="0.144" /><testcase classname="tests.test_phase3_checkout_orders.TestCartIntentAPI" name="test_delete_intent" time="0.152" /><testcase classname="tests.test_phase3_checkout_orders.TestCartIntentAPI" name="test_clear_all_intents" time="0.218" /><testcase classname="tests.test_phase3_checkout_orders.TestOrderDetails" name="test_get_order_details" time="0.074" /></testsuite></testsuites>