<?xml version="1.0" encoding="utf-8"?><testsuites name="pytest tests"><testsuite name="pytest" errors="0" failures="0" skipped="0" tests="13" time="2.684" timestamp="2026-01-20T11:29:49.568326+00:00" hostname="agent-env-684f49d8-1394-47ec-87d4-adf311401963"><testcase classname="tests.test_iteration10_favorites_modal.TestFavoritesClearEndpoint" name="test_favorites_clear_endpoint_exists" time="0.086" /><testcase classname="tests.test_iteration10_favorites_modal.TestFavoritesClearEndpoint" name="test_favorites_clear_returns_counts" time="0.043" /><testcase classname="tests.test_iteration10_favorites_modal.TestFavoritesClearEndpoint" name="test_favorites_clear_actually_clears" time="0.221" /><testcase classname="tests.test_iteration10_favorites_modal.TestAlternativesEndpoint" name="test_alternatives_endpoint_exists" time="0.258" /><testcase classname="tests.test_iteration10_favorites_modal.TestAlternativesEndpoint" name="test_alternatives_returns_source" time="0.386" /><testcase classname="tests.test_iteration10_favorites_modal.TestAlternativesEndpoint" name="test_alternatives_returns_alternatives_list" time="0.253" /><testcase classname="tests.test_iteration10_favorites_modal.TestAlternativesEndpoint" name="test_alternatives_structure" time="0.255" /><testcase classname="tests.test_iteration10_favorites_modal.TestAlternativesEndpoint" name="test_alternatives_nonexistent_item" time="0.045" /><testcase classname="tests.test_iteration10_favorites_modal.TestAddToCartFromModal" name="test_add_to_cart_with_qty" time="0.228" /><testcase classname="tests.test_iteration10_favorites_modal.TestAddToCartFromModal" name="test_add_alternative_to_cart" time="0.333" /><testcase classname="tests.test_iteration10_favorites_modal.TestFavoritesWorkflow" name="test_add_favorites_then_clear" time="0.321" /><testcase classname="tests.test_iteration10_favorites_modal.TestCatalogEndpoints" name="test_catalog_returns_items" time="0.061" /><testcase classname="tests.test_iteration10_favorites_modal.TestCatalogEndpoints" name="test_catalog_item_has_required_fields" time="0.062" /></testsuite></testsuites>