<?xml version="1.0" encoding="utf-8"?><testsuites name="pytest tests"><testsuite name="pytest" errors="0" failures="1" skipped="0" tests="15" time="3.023" timestamp="2026-01-20T08:40:35.594161+00:00" hostname="agent-env-1ac2e5d8-a5f3-4219-85b0-2d092e5d60d8"><testcase classname="tests.test_phase3_checkout_orders.TestP01PlanSnapshot" name="test_cart_plan_returns_plan_id" time="0.187" /><testcase classname="tests.test_phase3_checkout_orders.TestP01PlanSnapshot" name="test_checkout_accepts_plan_id" time="0.211" /><testcase classname="tests.test_phase3_checkout_orders.TestP01PlanSnapshot" name="test_plan_changed_error_on_cart_modification" time="0.272" /><testcase classname="tests.test_phase3_checkout_orders.TestP02UnavailableReasonCodes" name="test_plan_includes_unavailable_reason_code" time="0.201" /><testcase classname="tests.test_phase3_checkout_orders.TestP02UnavailableReasonCodes" name="test_unavailable_reason_codes_enum" time="0.000" /><testcase classname="tests.test_phase3_checkout_orders.TestP03OrderHistory" name="test_orders_endpoint_exists" time="0.038" /><testcase classname="tests.test_phase3_checkout_orders.TestP03OrderHistory" name="test_order_structure" time="0.039" /><testcase classname="tests.test_phase3_checkout_orders.TestP03OrderHistory" name="test_full_checkout_creates_order" time="0.805" /><testcase classname="tests.test_phase3_checkout_orders.TestP13CatalogQtyManagement" name="test_add_to_cart_with_qty" time="0.232" /><testcase classname="tests.test_phase3_checkout_orders.TestP13CatalogQtyManagement" name="test_update_cart_qty" time="0.259" /><testcase classname="tests.test_phase3_checkout_orders.TestCartIntentAPI" name="test_add_intent_by_supplier_item_id" time="0.103" /><testcase classname="tests.test_phase3_checkout_orders.TestCartIntentAPI" name="test_get_intents" time="0.147" /><testcase classname="tests.test_phase3_checkout_orders.TestCartIntentAPI" name="test_delete_intent" time="0.191" /><testcase classname="tests.test_phase3_checkout_orders.TestCartIntentAPI" name="test_clear_all_intents" time="0.170"><failure message="assert 404 == 200&#10; +  where 404 = &lt;Response [404]&gt;.status_code">tests/test_phase3_checkout_orders.py:467: in test_clear_all_intents
    assert response.status_code == 200
E   assert 404 == 200
E    +  where 404 = &lt;Response [404]&gt;.status_code</failure></testcase><testcase classname="tests.test_phase3_checkout_orders.TestOrderDetails" name="test_get_order_details" time="0.073" /></testsuite></testsuites>