<?xml version="1.0" encoding="utf-8"?><testsuites name="pytest tests"><testsuite name="pytest" errors="0" failures="0" skipped="0" tests="10" time="2.231" timestamp="2026-01-06T12:20:25.271186+00:00" hostname="agent-env-785f9f8f-9601-4e39-b9cc-b8d90878ba88"><testcase classname="tests.test_geo_cascade.TestGeoCascade" name="test_region_filter_kamchatka" time="0.432" /><testcase classname="tests.test_geo_cascade.TestGeoCascade" name="test_city_filter_murmansk" time="0.097" /><testcase classname="tests.test_geo_cascade.TestGeoCascade" name="test_city_only_spb" time="0.102" /><testcase classname="tests.test_geo_cascade.TestGeoCascade" name="test_country_filter_russia" time="0.101" /><testcase classname="tests.test_geo_cascade.TestGeoCascade" name="test_no_geo_does_not_apply_filter" time="0.123" /><testcase classname="tests.test_geo_cascade.TestGeoCascadeDebugLog" name="test_debug_log_contains_geo_fields" time="0.357" /><testcase classname="tests.test_geo_cascade.TestGeoCascadeDebugLog" name="test_debug_log_counts_after_geo_filter" time="0.097" /><testcase classname="tests.test_geo_cascade.TestGeoCascadeErrorMessages" name="test_country_not_found_message" time="0.356" /><testcase classname="tests.test_geo_cascade.TestGeoCascadePriority" name="test_city_takes_priority_over_region_and_country" time="0.416" /><testcase classname="tests.test_geo_cascade.TestGeoCascadePriority" name="test_region_takes_priority_over_country" time="0.100" /></testsuite></testsuites>