<?xml version="1.0" encoding="utf-8"?><testsuites name="pytest tests"><testsuite name="pytest" errors="0" failures="0" skipped="0" tests="12" time="5.339" timestamp="2025-12-31T07:10:28.065292+00:00" hostname="agent-env-4ba9806d-4c43-45c9-a3dc-2d4f1c9f2974"><testcase classname="tests.test_brand_features.TestAuthFlow" name="test_customer_login_success" time="0.317" /><testcase classname="tests.test_brand_features.TestAuthFlow" name="test_customer_login_invalid_credentials" time="0.073" /><testcase classname="tests.test_brand_features.TestBrandStats" name="test_brand_stats_returns_data" time="0.512" /><testcase classname="tests.test_brand_features.TestBrandBackfill" name="test_backfill_endpoint_works" time="1.359" /><testcase classname="tests.test_brand_features.TestSelectOfferBrandCritical" name="test_select_offer_brand_critical_false_returns_cheapest" time="0.543" /><testcase classname="tests.test_brand_features.TestSelectOfferBrandCritical" name="test_select_offer_brand_critical_true_filters_by_brand" time="0.466" /><testcase classname="tests.test_brand_features.TestSelectOfferBrandCritical" name="test_select_offer_never_returns_500_on_bad_input" time="0.073" /><testcase classname="tests.test_brand_features.TestSelectOfferBrandCritical" name="test_select_offer_null_safe_with_missing_fields" time="0.442" /><testcase classname="tests.test_brand_features.TestBrandDictionaryLoaded" name="test_brand_dictionary_has_expected_brands" time="0.045" /><testcase classname="tests.test_brand_features.TestBrandDictionaryLoaded" name="test_products_have_brand_ids" time="0.049" /><testcase classname="tests.test_brand_features.TestSelectOfferEdgeCases" name="test_select_offer_with_specific_product" time="0.451" /><testcase classname="tests.test_brand_features.TestSelectOfferEdgeCases" name="test_select_offer_brand_critical_comparison" time="0.895" /></testsuite></testsuites>