<?xml version="1.0" encoding="utf-8"?><testsuites name="pytest tests"><testsuite name="pytest" errors="0" failures="0" skipped="0" tests="9" time="3.649" timestamp="2025-12-31T07:47:17.322338+00:00" hostname="agent-env-4ba9806d-4c43-45c9-a3dc-2d4f1c9f2974"><testcase classname="tests.test_add_from_favorite.TestSetupFixtures" name="test_create_fixtures" time="0.379" /><testcase classname="tests.test_add_from_favorite.TestAddFromFavoriteBrandCriticalFalse" name="test_fav_test_1_selects_cheapest_across_all_brands" time="0.455" /><testcase classname="tests.test_add_from_favorite.TestAddFromFavoriteBrandCriticalTrue" name="test_fav_test_2_filters_by_brand" time="0.455" /><testcase classname="tests.test_add_from_favorite.TestAddFromFavoriteOldFormat" name="test_fav_test_old_no_500_error" time="0.438" /><testcase classname="tests.test_add_from_favorite.TestDebugLogFields" name="test_debug_log_contains_required_fields" time="0.460" /><testcase classname="tests.test_add_from_favorite.TestSelectOfferEndpoint" name="test_select_offer_works" time="0.440" /><testcase classname="tests.test_add_from_favorite.TestMigrateV2Endpoint" name="test_migrate_v2_works" time="0.037" /><testcase classname="tests.test_add_from_favorite.TestBrandCriticalComparison" name="test_brand_critical_produces_different_results" time="0.901" /><testcase classname="tests.test_add_from_favorite.TestNonExistentFavorite" name="test_non_existent_favorite_returns_not_found" time="0.034" /></testsuite></testsuites>