<?xml version="1.0" encoding="utf-8"?><testsuites name="pytest tests"><testsuite name="pytest" errors="0" failures="0" skipped="0" tests="165" time="0.524" timestamp="2026-01-29T10:34:19.286293+00:00" hostname="agent-env-e9c01e3a-f1d5-4327-830e-41df604968d5"><testcase classname="tests.test_fish_fillet_regression.TestFishSpeciesDetection" name="test_cod_species" time="0.000" /><testcase classname="tests.test_fish_fillet_regression.TestFishSpeciesDetection" name="test_pollock_species" time="0.000" /><testcase classname="tests.test_fish_fillet_regression.TestFishSpeciesDetection" name="test_salmon_species" time="0.000" /><testcase classname="tests.test_fish_fillet_regression.TestFishSpeciesDetection" name="test_trout_species" time="0.000" /><testcase classname="tests.test_fish_fillet_regression.TestFishSpeciesDetection" name="test_hake_species" time="0.000" /><testcase classname="tests.test_fish_fillet_regression.TestFishSpeciesDetection" name="test_pangasius_species" time="0.000" /><testcase classname="tests.test_fish_fillet_regression.TestFishSpeciesDetection" name="test_tilapia_species" time="0.000" /><testcase classname="tests.test_fish_fillet_regression.TestFishSpeciesDetection" name="test_pink_salmon_species" time="0.000" /><testcase classname="tests.test_fish_fillet_regression.TestFishSpeciesDetection" name="test_perch_species" time="0.000" /><testcase classname="tests.test_fish_fillet_regression.TestFishSpeciesDetection" name="test_unknown_species" time="0.000" /><testcase classname="tests.test_fish_fillet_regression.TestFishCutTypeDetection" name="test_fillet_detection" time="0.000" /><testcase classname="tests.test_fish_fillet_regression.TestFishCutTypeDetection" name="test_whole_detection" time="0.000" /><testcase classname="tests.test_fish_fillet_regression.TestFishCutTypeDetection" name="test_steak_detection" time="0.000" /><testcase classname="tests.test_fish_fillet_regression.TestFishCutTypeDetection" name="test_minced_detection" time="0.000" /><testcase classname="tests.test_fish_fillet_regression.TestFishCutTypeDetection" name="test_carcass_detection" time="0.000" /><testcase classname="tests.test_fish_fillet_regression.TestFishCutTypeDetection" name="test_fillet_priority_over_whole" time="0.000" /><testcase classname="tests.test_fish_fillet_regression.TestFishCutTypeDetection" name="test_headless_is_whole" time="0.000" /><testcase classname="tests.test_fish_fillet_regression.TestFishCutTypeDetection" name="test_gutted_is_whole" time="0.000" /><testcase classname="tests.test_fish_fillet_regression.TestFishCutTypeDetection" name="test_no_cut_type" time="0.000" /><testcase classname="tests.test_fish_fillet_regression.TestFishCutTypeDetection" name="test_chunk_as_steak" time="0.000" /><testcase classname="tests.test_fish_fillet_regression.TestFishCutTypeDetection" name="test_portion_as_steak" time="0.000" /><testcase classname="tests.test_fish_fillet_regression.TestFishCutTypeDetection" name="test_liver_detection" time="0.000" /><testcase classname="tests.test_fish_fillet_regression.TestSkinFlagDetection" name="test_skin_off_bk" time="0.000" /><testcase classname="tests.test_fish_fillet_regression.TestSkinFlagDetection" name="test_skin_off_bez_kozhi" time="0.000" /><testcase classname="tests.test_fish_fillet_regression.TestSkinFlagDetection" name="test_skin_off_skinless" time="0.000" /><testcase classname="tests.test_fish_fillet_regression.TestSkinFlagDetection" name="test_skin_on_na_kozhe" time="0.000" /><testcase classname="tests.test_fish_fillet_regression.TestSkinFlagDetection" name="test_skin_on_s_kozhei" time="0.000" /><testcase classname="tests.test_fish_fillet_regression.TestSkinFlagDetection" name="test_skin_on_english" time="0.000" /><testcase classname="tests.test_fish_fillet_regression.TestSkinFlagDetection" name="test_skin_unknown" time="0.000" /><testcase classname="tests.test_fish_fillet_regression.TestSkinFlagDetection" name="test_skin_off_priority" time="0.000" /><testcase classname="tests.test_fish_fillet_regression.TestBreadedFlagDetection" name="test_breaded_panir" time="0.000" /><testcase classname="tests.test_fish_fillet_regression.TestBreadedFlagDetection" name="test_breaded_klyar" time="0.000" /><testcase classname="tests.test_fish_fillet_regression.TestBreadedFlagDetection" name="test_breaded_tempura" time="0.000" /><testcase classname="tests.test_fish_fillet_regression.TestBreadedFlagDetection" name="test_breaded_panko" time="0.000" /><testcase classname="tests.test_fish_fillet_regression.TestBreadedFlagDetection" name="test_not_breaded" time="0.000" /><testcase classname="tests.test_fish_fillet_regression.TestBreadedFlagDetection" name="test_breaded_hrustyash" time="0.000" /><testcase classname="tests.test_fish_fillet_regression.TestStateDetection" name="test_frozen_sm" time="0.000" /><testcase classname="tests.test_fish_fillet_regression.TestStateDetection" name="test_frozen_zamorozh" time="0.000" /><testcase classname="tests.test_fish_fillet_regression.TestStateDetection" name="test_chilled_ohl" time="0.000" /><testcase classname="tests.test_fish_fillet_regression.TestStateDetection" name="test_chilled_ohlazhdenniy" time="0.000" /><testcase classname="tests.test_fish_fillet_regression.TestStateDetection" name="test_fresh_svezh" time="0.000" /><testcase classname="tests.test_fish_fillet_regression.TestStateDetection" name="test_state_unknown" time="0.000" /><testcase classname="tests.test_fish_fillet_regression.TestDomainDetection" name="test_fillet_cod_is_fish_fillet" time="0.001" /><testcase classname="tests.test_fish_fillet_regression.TestDomainDetection" name="test_fillet_pollock_is_fish_fillet" time="0.000" /><testcase classname="tests.test_fish_fillet_regression.TestDomainDetection" name="test_whole_cod_not_fish_fillet" time="0.000" /><testcase classname="tests.test_fish_fillet_regression.TestDomainDetection" name="test_steak_salmon_not_fish_fillet" time="0.000" /><testcase classname="tests.test_fish_fillet_regression.TestDomainDetection" name="test_conserv_not_fish_fillet" time="0.000" /><testcase classname="tests.test_fish_fillet_regression.TestDomainDetection" name="test_kotlety_not_fish_fillet" time="0.000" /><testcase classname="tests.test_fish_fillet_regression.TestDomainDetection" name="test_breaded_fillet_is_fish_fillet" time="0.000" /><testcase classname="tests.test_fish_fillet_regression.TestDomainDetection" name="test_no_species_not_fish_fillet" time="0.000" /><testcase classname="tests.test_fish_fillet_regression.TestBlacklist" name="test_kotlety_blacklisted" time="0.000" /><testcase classname="tests.test_fish_fillet_regression.TestBlacklist" name="test_conserv_blacklisted" time="0.000" /><testcase classname="tests.test_fish_fillet_regression.TestBlacklist" name="test_soup_blacklisted" time="0.000" /><testcase classname="tests.test_fish_fillet_regression.TestBlacklist" name="test_salat_blacklisted" time="0.000" /><testcase classname="tests.test_fish_fillet_regression.TestBlacklist" name="test_gedza_blacklisted" time="0.000" /><testcase classname="tests.test_fish_fillet_regression.TestBlacklist" name="test_kopch_blacklisted" time="0.000" /><testcase classname="tests.test_fish_fillet_regression.TestBlacklist" name="test_ikra_blacklisted" time="0.000" /><testcase classname="tests.test_fish_fillet_regression.TestBlacklist" name="test_fillet_not_blacklisted" time="0.000" /><testcase classname="tests.test_fish_fillet_regression.TestStrictGateCutType" name="test_fillet_vs_whole_rejected" time="0.001" /><testcase classname="tests.test_fish_fillet_regression.TestStrictGateCutType" name="test_fillet_vs_steak_rejected" time="0.000" /><testcase classname="tests.test_fish_fillet_regression.TestStrictGateCutType" name="test_whole_vs_fillet_rejected" time="0.000" /><testcase classname="tests.test_fish_fillet_regression.TestStrictGateCutType" name="test_fillet_vs_fillet_accepted" time="0.000" /><testcase classname="tests.test_fish_fillet_regression.TestStrictGateCutType" name="test_steak_vs_fillet_rejected" time="0.000" /><testcase classname="tests.test_fish_fillet_regression.TestStrictGateCutType" name="test_fillet_minced_rejected" time="0.000" /><testcase classname="tests.test_fish_fillet_regression.TestStrictGateCutType" name="test_fillet_carcass_rejected" time="0.000" /><testcase classname="tests.test_fish_fillet_regression.TestStrictGateCutType" name="test_cut_type_exact_match_required" time="0.000" /><testcase classname="tests.test_fish_fillet_regression.TestStrictGateCutType" name="test_fillet_vs_liver_rejected" time="0.000" /><testcase classname="tests.test_fish_fillet_regression.TestStrictGateCutType" name="test_tushka_never_in_fillet_strict" time="0.001" /><testcase classname="tests.test_fish_fillet_regression.TestStrictGateSpecies" name="test_cod_vs_pollock_rejected" time="0.000" /><testcase classname="tests.test_fish_fillet_regression.TestStrictGateSpecies" name="test_cod_vs_salmon_rejected" time="0.000" /><testcase classname="tests.test_fish_fillet_regression.TestStrictGateSpecies" name="test_same_species_accepted" time="0.000" /><testcase classname="tests.test_fish_fillet_regression.TestStrictGateSpecies" name="test_salmon_vs_trout_rejected" time="0.000" /><testcase classname="tests.test_fish_fillet_regression.TestStrictGateSpecies" name="test_semga_equals_salmon" time="0.001" /><testcase classname="tests.test_fish_fillet_regression.TestStrictGateSpecies" name="test_pollock_vs_hake_rejected" time="0.000" /><testcase classname="tests.test_fish_fillet_regression.TestStrictGateSpecies" name="test_species_priority_over_brand" time="0.000" /><testcase classname="tests.test_fish_fillet_regression.TestStrictGateSpecies" name="test_species_priority_over_price" time="0.000" /><testcase classname="tests.test_fish_fillet_regression.TestStrictGateBreaded" name="test_breaded_vs_not_breaded_rejected" time="0.000" /><testcase classname="tests.test_fish_fillet_regression.TestStrictGateBreaded" name="test_not_breaded_vs_breaded_rejected" time="0.000" /><testcase classname="tests.test_fish_fillet_regression.TestStrictGateBreaded" name="test_breaded_vs_breaded_accepted" time="0.000" /><testcase classname="tests.test_fish_fillet_regression.TestStrictGateBreaded" name="test_not_breaded_vs_not_breaded_accepted" time="0.000" /><testcase classname="tests.test_fish_fillet_regression.TestStrictGateBreaded" name="test_klyar_equals_panirovka" time="0.000" /><testcase classname="tests.test_fish_fillet_regression.TestStrictGateBreaded" name="test_tempura_equals_panirovka" time="0.000" /><testcase classname="tests.test_fish_fillet_regression.TestStrictGateSkin" name="test_skinoff_vs_skinon_rejected" time="0.000" /><testcase classname="tests.test_fish_fillet_regression.TestStrictGateSkin" name="test_skinon_vs_skinoff_rejected" time="0.000" /><testcase classname="tests.test_fish_fillet_regression.TestStrictGateSkin" name="test_skinon_vs_skinon_accepted" time="0.000" /><testcase classname="tests.test_fish_fillet_regression.TestStrictGateSkin" name="test_skinoff_vs_skinoff_accepted" time="0.000" /><testcase classname="tests.test_fish_fillet_regression.TestStrictGateSkin" name="test_skin_unknown_ref_passes" time="0.000" /><testcase classname="tests.test_fish_fillet_regression.TestStrictGateSkin" name="test_skin_unknown_cand_passes" time="0.000" /><testcase classname="tests.test_fish_fillet_regression.TestStrictGateState" name="test_frozen_vs_chilled_rejected" time="0.000" /><testcase classname="tests.test_fish_fillet_regression.TestStrictGateState" name="test_chilled_vs_frozen_rejected" time="0.000" /><testcase classname="tests.test_fish_fillet_regression.TestStrictGateState" name="test_same_state_accepted" time="0.000" /><testcase classname="tests.test_fish_fillet_regression.TestStrictGateState" name="test_state_unknown_passes" time="0.000" /><testcase classname="tests.test_fish_fillet_regression.TestApplyFilter" name="test_filter_returns_only_valid_alternatives" time="0.001" /><testcase classname="tests.test_fish_fillet_regression.TestApplyFilter" name="test_filter_sorting_by_price" time="0.001" /><testcase classname="tests.test_fish_fillet_regression.TestApplyFilter" name="test_filter_empty_when_ref_not_fillet" time="0.000" /><testcase classname="tests.test_fish_fillet_regression.TestApplyFilter" name="test_filter_rejected_reasons_tracked" time="0.001" /><testcase classname="tests.test_fish_fillet_regression.TestApplyFilter" name="test_filter_limit_respected" time="0.003" /><testcase classname="tests.test_fish_fillet_regression.TestApplyFilter" name="test_filter_similar_mode" time="0.001" /><testcase classname="tests.test_fish_fillet_regression.TestZeroTrashPolicy" name="test_unclassified_ref_returns_empty" time="0.000" /><testcase classname="tests.test_fish_fillet_regression.TestZeroTrashPolicy" name="test_blacklisted_ref_returns_empty" time="0.000" /><testcase classname="tests.test_fish_fillet_regression.TestZeroTrashPolicy" name="test_no_legacy_fallback" time="0.000" /><testcase classname="tests.test_fish_fillet_regression.TestZeroTrashPolicy" name="test_empty_strict_better_than_junk" time="0.000" /><testcase classname="tests.test_fish_fillet_regression.TestZeroTrashPolicy" name="test_blacklisted_candidates_never_in_strict" time="0.000" /><testcase classname="tests.test_fish_fillet_regression.TestZeroTrashPolicy" name="test_ref_debug_explains_empty_strict" time="0.000" /><testcase classname="tests.test_shrimp_v1_zero_trash.TestShrimpProductType" name="test_junk_blocked[\u041a\u0440\u0435\u0432\u0435\u0442\u043a\u0438 \u0432\u0430\u043d\u043d\u0430\u043c\u0435\u0439 21/25 \u0441/\u043c-\u0413\u0451\u0434\u0437\u0430 \u0441 \u043a\u0440\u0435\u0432\u0435\u0442\u043a\u043e\u0439 1\u043a\u0433-gyoza]" time="0.135" /><testcase classname="tests.test_shrimp_v1_zero_trash.TestShrimpProductType" name="test_junk_blocked[\u041a\u0440\u0435\u0432\u0435\u0442\u043a\u0438 21/25-\u041f\u0435\u043b\u044c\u043c\u0435\u043d\u0438 \u0441 \u043a\u0440\u0435\u0432\u0435\u0442\u043a\u043e\u0439-pelmeni]" time="0.001" /><testcase classname="tests.test_shrimp_v1_zero_trash.TestShrimpProductType" name="test_junk_blocked[\u041a\u0440\u0435\u0432\u0435\u0442\u043a\u0438 16/20 \u0441/\u043c-\u041a\u0440\u0435\u0432\u0435\u0442\u043a\u0438 \u0432 \u043f\u0430\u043d\u0438\u0440\u043e\u0432\u043a\u0435-breaded]" time="0.001" /><testcase classname="tests.test_shrimp_v1_zero_trash.TestShrimpProductType" name="test_junk_blocked[\u041a\u0440\u0435\u0432\u0435\u0442\u043a\u0438 21/25-\u0421\u043e\u0443\u0441 \u0441 \u043a\u0440\u0435\u0432\u0435\u0442\u043a\u043e\u0439-sauce]" time="0.001" /><testcase classname="tests.test_shrimp_v1_zero_trash.TestShrimpProductType" name="test_junk_blocked[\u041a\u0440\u0435\u0432\u0435\u0442\u043a\u0438 21/25-\u041b\u0430\u043f\u0448\u0430 \u0441 \u043a\u0440\u0435\u0432\u0435\u0442\u043a\u043e\u0439-noodles]" time="0.001" /><testcase classname="tests.test_shrimp_v1_zero_trash.TestShrimpProductType" name="test_junk_blocked[\u041a\u0440\u0435\u0432\u0435\u0442\u043a\u0438 21/25-\u0427\u0438\u043f\u0441\u044b \u0441\u043e \u0432\u043a\u0443\u0441\u043e\u043c \u043a\u0440\u0435\u0432\u0435\u0442\u043a\u0438-chips]" time="0.001" /><testcase classname="tests.test_shrimp_v1_zero_trash.TestShrimpProductType" name="test_junk_blocked[\u041a\u0440\u0435\u0432\u0435\u0442\u043a\u0438 21/25-\u041a\u043e\u0442\u043b\u0435\u0442\u044b \u0438\u0437 \u043a\u0440\u0435\u0432\u0435\u0442\u043e\u043a-cutlets]" time="0.001" /><testcase classname="tests.test_shrimp_v1_zero_trash.TestShrimpProductType" name="test_junk_blocked[\u041a\u0440\u0435\u0432\u0435\u0442\u043a\u0438 21/25-\u041d\u0430\u0433\u0433\u0435\u0442\u0441\u044b \u043a\u0440\u0435\u0432\u0435\u0442\u043e\u0447\u043d\u044b\u0435-nuggets]" time="0.001" /><testcase classname="tests.test_shrimp_v1_zero_trash.TestShrimpAttributes" name="test_species[\u041a\u0440\u0435\u0432\u0435\u0442\u043a\u0438 \u0432\u0430\u043d\u043d\u0430\u043c\u0435\u0439 21/25 \u0441/\u043c-\u041a\u0440\u0435\u0432\u0435\u0442\u043a\u0438 \u0442\u0438\u0433\u0440\u043e\u0432\u044b\u0435 21/25 \u0441/\u043c-False]" time="0.001" /><testcase classname="tests.test_shrimp_v1_zero_trash.TestShrimpAttributes" name="test_species[\u041a\u0440\u0435\u0432\u0435\u0442\u043a\u0438 \u0432\u0430\u043d\u043d\u0430\u043c\u0435\u0439 21/25 \u0441/\u043c-\u041a\u0440\u0435\u0432\u0435\u0442\u043a\u0438 \u0432\u0430\u043d\u043d\u0430\u043c\u0435\u0439 21/25 \u0441/\u043c 1\u043a\u0433-True]" time="0.001" /><testcase classname="tests.test_shrimp_v1_zero_trash.TestShrimpAttributes" name="test_species[\u041a\u0440\u0435\u0432\u0435\u0442\u043a\u0438 \u0441\u0435\u0432\u0435\u0440\u043d\u044b\u0435 90/120 \u0441/\u043c-\u041a\u0440\u0435\u0432\u0435\u0442\u043a\u0438 \u0432\u0430\u043d\u043d\u0430\u043c\u0435\u0439 90/120 \u0441/\u043c-False]" time="0.001" /><testcase classname="tests.test_shrimp_v1_zero_trash.TestShrimpAttributes" name="test_state[\u041a\u0440\u0435\u0432\u0435\u0442\u043a\u0438 \u0441/\u043c 21/25-\u041a\u0440\u0435\u0432\u0435\u0442\u043a\u0438 \u0432/\u043c 21/25-False]" time="0.001" /><testcase classname="tests.test_shrimp_v1_zero_trash.TestShrimpAttributes" name="test_state[\u041a\u0440\u0435\u0432\u0435\u0442\u043a\u0438 \u0441\u044b\u0440\u043e\u043c\u043e\u0440 21/25-\u041a\u0440\u0435\u0432\u0435\u0442\u043a\u0438 \u0432\u0430\u0440\u0451\u043d\u043e-\u043c\u043e\u0440 21/25-False]" time="0.001" /><testcase classname="tests.test_shrimp_v1_zero_trash.TestShrimpAttributes" name="test_state[\u041a\u0440\u0435\u0432\u0435\u0442\u043a\u0438 \u0441/\u043c 21/25-\u041a\u0440\u0435\u0432\u0435\u0442\u043a\u0438 \u0431\u043b\u0430\u043d\u0448 21/25-False]" time="0.001" /><testcase classname="tests.test_shrimp_v1_zero_trash.TestShrimpAttributes" name="test_state[\u041a\u0440\u0435\u0432\u0435\u0442\u043a\u0438 \u0441/\u043c 21/25-\u041a\u0440\u0435\u0432\u0435\u0442\u043a\u0438 \u0441/\u043c 21/25 1\u043a\u0433-True]" time="0.001" /><testcase classname="tests.test_shrimp_v1_zero_trash.TestShrimpAttributes" name="test_form[\u041a\u0440\u0435\u0432\u0435\u0442\u043a\u0438 \u043e\u0447\u0438\u0449 \u0431/\u0433 21/25 \u0441/\u043c-\u041a\u0440\u0435\u0432\u0435\u0442\u043a\u0438 \u043d\u0435\u043e\u0447\u0438\u0449 \u0431/\u0433 21/25 \u0441/\u043c-False]" time="0.001" /><testcase classname="tests.test_shrimp_v1_zero_trash.TestShrimpAttributes" name="test_form[\u041a\u0440\u0435\u0432\u0435\u0442\u043a\u0438 \u0431/\u0433 21/25 \u0441/\u043c-\u041a\u0440\u0435\u0432\u0435\u0442\u043a\u0438 \u0441/\u0433 21/25 \u0441/\u043c-False]" time="0.001" /><testcase classname="tests.test_shrimp_v1_zero_trash.TestShrimpAttributes" name="test_caliber_strict[\u041a\u0440\u0435\u0432\u0435\u0442\u043a\u0438 16/20 \u0441/\u043c-\u041a\u0440\u0435\u0432\u0435\u0442\u043a\u0438 21/25 \u0441/\u043c-False]" time="0.001" /><testcase classname="tests.test_shrimp_v1_zero_trash.TestShrimpAttributes" name="test_caliber_strict[\u041a\u0440\u0435\u0432\u0435\u0442\u043a\u0438 21/25 \u0441/\u043c-\u041a\u0440\u0435\u0432\u0435\u0442\u043a\u0438 31/40 \u0441/\u043c-False]" time="0.001" /><testcase classname="tests.test_shrimp_v1_zero_trash.TestShrimpAttributes" name="test_caliber_strict[\u041a\u0440\u0435\u0432\u0435\u0442\u043a\u0438 31/40 \u0441/\u043c-\u041a\u0440\u0435\u0432\u0435\u0442\u043a\u0438 41/50 \u0441/\u043c-False]" time="0.001" /><testcase classname="tests.test_shrimp_v1_zero_trash.TestShrimpAttributes" name="test_caliber_strict[\u041a\u0440\u0435\u0432\u0435\u0442\u043a\u0438 41/50 \u0441/\u043c-\u041a\u0440\u0435\u0432\u0435\u0442\u043a\u0438 51/60 \u0441/\u043c-False]" time="0.001" /><testcase classname="tests.test_shrimp_v1_zero_trash.TestShrimpAttributes" name="test_caliber_strict[\u041a\u0440\u0435\u0432\u0435\u0442\u043a\u0438 16/20 \u0441/\u043c-\u041a\u0440\u0435\u0432\u0435\u0442\u043a\u0438 16/20 \u0441/\u043c 1\u043a\u0433-True]" time="0.001" /><testcase classname="tests.test_shrimp_v1_zero_trash.TestShrimpAttributes" name="test_caliber_strict[\u041a\u0440\u0435\u0432\u0435\u0442\u043a\u0438 21/25-\u041a\u0440\u0435\u0432\u0435\u0442\u043a\u0438 \u0431\u0435\u0437 \u043a\u0430\u043b\u0438\u0431\u0440\u0430-False]" time="0.001" /><testcase classname="tests.test_shrimp_v1_zero_trash.TestShrimpPackaging" name="test_box_rule[\u041a\u0440\u0435\u0432\u0435\u0442\u043a\u0438 21/25 500\u0433-\u041a\u0440\u0435\u0432\u0435\u0442\u043a\u0438 21/25 10\u043a\u0433/\u043a\u043e\u0440-False]" time="0.001" /><testcase classname="tests.test_shrimp_v1_zero_trash.TestShrimpPackaging" name="test_box_rule[\u041a\u0440\u0435\u0432\u0435\u0442\u043a\u0438 21/25 10\u043a\u0433/\u043a\u043e\u0440-\u041a\u0440\u0435\u0432\u0435\u0442\u043a\u0438 21/25 500\u0433-False]" time="0.001" /><testcase classname="tests.test_shrimp_v1_zero_trash.TestShrimpPackaging" name="test_box_rule[\u041a\u0440\u0435\u0432\u0435\u0442\u043a\u0438 21/25 1\u043a\u0433-\u041a\u0440\u0435\u0432\u0435\u0442\u043a\u0438 21/25 20\u043a\u0433 \u044f\u0449\u0438\u043a-False]" time="0.001" /><testcase classname="tests.test_shrimp_v1_zero_trash.TestShrimpPackaging" name="test_box_rule[\u041a\u0440\u0435\u0432\u0435\u0442\u043a\u0438 21/25 10\u043a\u0433/\u043a\u043e\u0440-\u041a\u0440\u0435\u0432\u0435\u0442\u043a\u0438 21/25 10\u043a\u0433/\u043a\u043e\u0440-True]" time="0.001" /><testcase classname="tests.test_shrimp_v1_zero_trash.TestShrimpBrandCountry" name="test_brand_same_higher_rank" time="0.001" /><testcase classname="tests.test_shrimp_v1_zero_trash.TestShrimpBrandCountry" name="test_brand_different_passes_lower_rank" time="0.001" /><testcase classname="tests.test_shrimp_v1_zero_trash.TestShrimpBrandCountry" name="test_brand_missing_passes_lower_rank" time="0.001" /><testcase classname="tests.test_shrimp_v1_zero_trash.TestShrimpBrandCountry" name="test_country_does_not_block" time="0.001" /><testcase classname="tests.test_shrimp_v1_zero_trash.TestShrimpBrandCountry" name="test_same_country_higher_score" time="0.001" /><testcase classname="tests.test_shrimp_v1_zero_trash.TestShrimpProhibitions" name="test_canned_smoked_blocked[\u041a\u0440\u0435\u0432\u0435\u0442\u043a\u0438 21/25 \u0441/\u043c-\u041a\u0440\u0435\u0432\u0435\u0442\u043a\u0438 \u043a\u043e\u043d\u0441\u0435\u0440\u0432\u044b \u0436/\u0431-False]" time="0.001" /><testcase classname="tests.test_shrimp_v1_zero_trash.TestShrimpProhibitions" name="test_canned_smoked_blocked[\u041a\u0440\u0435\u0432\u0435\u0442\u043a\u0438 21/25 \u0441/\u043c-\u041a\u0440\u0435\u0432\u0435\u0442\u043a\u0438 \u0445/\u043a-False]" time="0.001" /><testcase classname="tests.test_shrimp_v1_zero_trash.TestShrimpProhibitions" name="test_canned_smoked_blocked[\u041a\u0440\u0435\u0432\u0435\u0442\u043a\u0438 21/25 \u0441/\u043c-\u041a\u0440\u0435\u0432\u0435\u0442\u043a\u0438 \u0433/\u043a-False]" time="0.001" /><testcase classname="tests.test_shrimp_v1_zero_trash.TestAcceptanceCriteria" name="test_strict_no_junk" time="0.001" /><testcase classname="tests.test_shrimp_v1_zero_trash.TestAcceptanceCriteria" name="test_caliber_always_matches" time="0.001" /><testcase classname="tests.test_shrimp_v1_zero_trash.TestAcceptanceCriteria" name="test_empty_result_is_valid" time="0.000" /><testcase classname="tests.test_shrimp_v1_zero_trash.TestGlobalBlacklist" name="test_blacklist[\u0413\u0451\u0434\u0437\u0430 \u0441 \u043a\u0440\u0435\u0432\u0435\u0442\u043a\u043e\u0439-True]" time="0.000" /><testcase classname="tests.test_shrimp_v1_zero_trash.TestGlobalBlacklist" name="test_blacklist[\u041f\u0435\u043b\u044c\u043c\u0435\u043d\u0438 \u043c\u043e\u0440\u0441\u043a\u0438\u0435-True]" time="0.000" /><testcase classname="tests.test_shrimp_v1_zero_trash.TestGlobalBlacklist" name="test_blacklist[\u0412\u0430\u0440\u0435\u043d\u0438\u043a\u0438 \u0441 \u043a\u0440\u0435\u0432\u0435\u0442\u043a\u043e\u0439-True]" time="0.000" /><testcase classname="tests.test_shrimp_v1_zero_trash.TestGlobalBlacklist" name="test_blacklist[\u0425\u0438\u043d\u043a\u0430\u043b\u0438 \u0441 \u043a\u0440\u0435\u0432\u0435\u0442\u043a\u043e\u0439-True]" time="0.000" /><testcase classname="tests.test_shrimp_v1_zero_trash.TestGlobalBlacklist" name="test_blacklist[\u0421\u0443\u043f \u0441 \u043a\u0440\u0435\u0432\u0435\u0442\u043a\u0430\u043c\u0438-True]" time="0.000" /><testcase classname="tests.test_shrimp_v1_zero_trash.TestGlobalBlacklist" name="test_blacklist[\u0421\u0430\u043b\u0430\u0442 \u0441 \u043a\u0440\u0435\u0432\u0435\u0442\u043a\u0430\u043c\u0438-True]" time="0.000" /><testcase classname="tests.test_shrimp_v1_zero_trash.TestGlobalBlacklist" name="test_blacklist[\u041d\u0430\u0431\u043e\u0440 \u043c\u043e\u0440\u0435\u043f\u0440\u043e\u0434\u0443\u043a\u0442\u043e\u0432-True]" time="0.000" /><testcase classname="tests.test_shrimp_v1_zero_trash.TestGlobalBlacklist" name="test_blacklist[\u0410\u0441\u0441\u043e\u0440\u0442\u0438 \u043a\u0440\u0435\u0432\u0435\u0442\u043e\u043a-True]" time="0.000" /><testcase classname="tests.test_shrimp_v1_zero_trash.TestGlobalBlacklist" name="test_blacklist[\u041a\u043e\u0442\u043b\u0435\u0442\u044b \u0438\u0437 \u043a\u0440\u0435\u0432\u0435\u0442\u043e\u043a-True]" time="0.000" /><testcase classname="tests.test_shrimp_v1_zero_trash.TestGlobalBlacklist" name="test_blacklist[\u041d\u0430\u0433\u0433\u0435\u0442\u0441\u044b \u043a\u0440\u0435\u0432\u0435\u0442\u043e\u0447\u043d\u044b\u0435-True]" time="0.000" /><testcase classname="tests.test_shrimp_v1_zero_trash.TestGlobalBlacklist" name="test_blacklist[\u041b\u0430\u043f\u0448\u0430 \u0443\u0434\u043e\u043d \u0441 \u043a\u0440\u0435\u0432\u0435\u0442\u043a\u043e\u0439-True]" time="0.000" /><testcase classname="tests.test_shrimp_v1_zero_trash.TestGlobalBlacklist" name="test_blacklist[\u041a\u0440\u0435\u0432\u0435\u0442\u043a\u0438 21/25 \u0441/\u043c-False]" time="0.000" /><testcase classname="tests.test_shrimp_v1_zero_trash.TestShrimpOnlyGate" name="test_non_shrimp_rejected" time="0.001" /><testcase classname="tests.test_shrimp_v1_zero_trash.TestShrimpOnlyGate" name="test_shrimp_to_shrimp_passes" time="0.001" /><testcase classname="tests.test_shrimp_v1_zero_trash.TestTailState" name="test_tail_on_vs_tail_off_blocked" time="0.001" /><testcase classname="tests.test_shrimp_v1_zero_trash.TestTailState" name="test_same_tail_passes" time="0.001" /><testcase classname="tests.test_shrimp_v1_zero_trash.TestBreadedFlag" name="test_breaded_vs_plain_blocked" time="0.001" /><testcase classname="tests.test_shrimp_v1_zero_trash.TestBreadedFlag" name="test_tempura_vs_plain_blocked" time="0.001" /><testcase classname="tests.test_shrimp_v1_zero_trash.TestUOMGate" name="test_kg_vs_pcs_blocked" time="0.001" /><testcase classname="tests.test_shrimp_v1_zero_trash.TestUOMGate" name="test_same_uom_passes" time="0.001" /><testcase classname="tests.test_shrimp_v1_zero_trash.TestDebugOutput" name="test_passed_gates_present" time="0.001" /><testcase classname="tests.test_shrimp_v1_zero_trash.TestDebugOutput" name="test_rank_features_present" time="0.001" /><testcase classname="tests.test_shrimp_v1_zero_trash.TestRankingOrder" name="test_brand_higher_than_country" time="0.001" /></testsuite></testsuites>