<?xml version="1.0" encoding="utf-8"?><testsuites name="pytest tests"><testsuite name="pytest" errors="0" failures="0" skipped="0" tests="7" time="1.432" timestamp="2026-01-06T11:49:42.214652+00:00" hostname="agent-env-785f9f8f-9601-4e39-b9cc-b8d90878ba88"><testcase classname="tests.test_country_as_brand.TestCountryAsBrand" name="test_russia_country_triggers_country_as_brand" time="0.404" /><testcase classname="tests.test_country_as_brand.TestCountryAsBrand" name="test_argentina_country_triggers_country_as_brand" time="0.108" /><testcase classname="tests.test_country_as_brand.TestCountryAsBrand" name="test_no_country_does_not_apply_country_filter" time="0.097" /><testcase classname="tests.test_country_as_brand.TestCountryAsBrand" name="test_unknown_country_returns_not_found" time="0.099" /><testcase classname="tests.test_country_as_brand.TestCountryAsBrand" name="test_debug_log_contains_country_as_brand_field" time="0.222" /><testcase classname="tests.test_country_as_brand.TestCountryAsBrandEdgeCases" name="test_country_filter_counts_in_debug_log" time="0.351" /><testcase classname="tests.test_country_as_brand.TestCountryAsBrandEdgeCases" name="test_russia_beef_returns_beef_product" time="0.093" /></testsuite></testsuites>