<?xml version="1.0" encoding="utf-8"?><testsuites name="pytest tests"><testsuite name="pytest" errors="0" failures="0" skipped="0" tests="11" time="3.604" timestamp="2025-12-31T08:26:08.494223+00:00" hostname="agent-env-4ba9806d-4c43-45c9-a3dc-2d4f1c9f2974"><testcase classname="tests.test_two_phase_search.TestSetupFixtures" name="test_create_fixtures" time="0.372" /><testcase classname="tests.test_two_phase_search.TestFavTest1BrandCriticalFalse" name="test_fav_test_1_selects_cheapest_across_all_brands" time="0.392" /><testcase classname="tests.test_two_phase_search.TestFavTest2BrandCriticalTrue" name="test_fav_test_2_filters_by_brand" time="0.348" /><testcase classname="tests.test_two_phase_search.TestFavTestFamilyBrandFamily" name="test_fav_test_family_uses_brand_family" time="0.352" /><testcase classname="tests.test_two_phase_search.TestFavTestPackMissing" name="test_fav_test_pack_missing_uses_rescue" time="0.402" /><testcase classname="tests.test_two_phase_search.TestFavTestOldFormat" name="test_fav_test_old_no_500_error" time="0.391" /><testcase classname="tests.test_two_phase_search.TestSearchQualityReport" name="test_quality_report_returns_brand_coverage" time="0.072" /><testcase classname="tests.test_two_phase_search.TestBrandFamilies" name="test_brand_families_returns_list" time="0.036" /><testcase classname="tests.test_two_phase_search.TestDebugLogFields" name="test_debug_log_contains_all_required_fields" time="0.388" /><testcase classname="tests.test_two_phase_search.TestBrandCriticalComparison" name="test_brand_critical_produces_different_results" time="0.740" /><testcase classname="tests.test_two_phase_search.TestNonExistentFavorite" name="test_non_existent_favorite_returns_not_found" time="0.034" /></testsuite></testsuites>